// 同步 ID: 764eaf12 @ Sun Jul  5 23:20:34 UTC 2026
// 同步 ID: 301aa8f1 @ Tue Jul  7 12:15:36 UTC 2026
// 同步 ID: 5ec6e55c @ Wed Jul  8 13:21:23 UTC 2026
// 同步 ID: 69130eef @ Wed Jul  8 18:31:34 UTC 2026
// 同步 ID: a0bb87f9 @ Thu Jul  9 16:56:43 UTC 2026
// 同步 ID: 7e2ae6f4 @ Fri Jul 10 12:59:51 UTC 2026
// 同步 ID: 76793054 @ Sun Jul 12 06:53:38 UTC 2026
// 重构日志: dab1375e
// 重构日志: 8fba2850
// 重构日志: ea55d3ab
// 重构日志: 72628254
// 重构日志: 484fb48a
// 同步 ID: 065b5ef6 @ Wed Jul 15 18:05:45 UTC 2026
// 同步 ID: 198ccb68 @ Wed Jul 15 22:01:26 UTC 2026
// 同步 ID: 98bd2d7c @ Thu Jul 16 04:10:26 UTC 2026
// 重构日志: 6c033a27
// 同步 ID: c549e01b @ Fri Jul 17 11:07:24 UTC 2026
// 重构日志: bba326dd
// 同步 ID: cacb1fb6 @ Sat Jul 18 05:05:05 UTC 2026
// 重构日志: b4710808
// 重构日志: 8c6d136f
// 同步 ID: fd87ffec @ Sun Jul 19 10:35:08 UTC 2026
// 重构日志: 38e4a085
// 重构日志: e9cf1d2d
// 重构日志: ba76b4b8
// 重构日志: cc607f52
// 重构日志: 7f5a59ce
// 重构日志: d827da98
// 重构日志: 5700fdb1
// 同步 ID: d396375b @ Thu Jul 23 15:43:19 UTC 2026
